0 info it worked if it ends with ok
1 verbose cli [ '/usr/local/bin/node',
1 verbose cli   '/usr/local/bin/npm',
1 verbose cli   'install',
1 verbose cli   '-g',
1 verbose cli   'http-server' ]
2 info using npm@2.15.1
3 info using node@v4.4.3
4 verbose install initial load of /usr/local/lib/package.json
5 verbose readDependencies loading dependencies from /usr/local/lib/package.json
6 silly cache add args [ 'http-server', null ]
7 verbose cache add spec http-server
8 silly cache add parsed spec Result {
8 silly cache add   raw: 'http-server',
8 silly cache add   scope: null,
8 silly cache add   name: 'http-server',
8 silly cache add   rawSpec: '',
8 silly cache add   spec: 'latest',
8 silly cache add   type: 'tag' }
9 silly addNamed http-server@latest
10 verbose addNamed "latest" is being treated as a dist-tag for http-server
11 info addNameTag [ 'http-server', 'latest' ]
12 silly mapToRegistry name http-server
13 silly mapToRegistry using default registry
14 silly mapToRegistry registry https://registry.npmjs.org/
15 silly mapToRegistry data Result {
15 silly mapToRegistry   raw: 'http-server',
15 silly mapToRegistry   scope: null,
15 silly mapToRegistry   name: 'http-server',
15 silly mapToRegistry   rawSpec: '',
15 silly mapToRegistry   spec: 'latest',
15 silly mapToRegistry   type: 'tag' }
16 silly mapToRegistry uri https://registry.npmjs.org/http-server
17 verbose addNameTag registry:https://registry.npmjs.org/http-server not in flight; fetching
18 verbose request uri https://registry.npmjs.org/http-server
19 verbose request no auth needed
20 info attempt registry request try #1 at 2:22:35 AM
21 verbose request id 19e6b62367f510f6
22 http request GET https://registry.npmjs.org/http-server
23 http 200 https://registry.npmjs.org/http-server
24 verbose headers { server: 'CouchDB/1.5.0 (Erlang OTP/R16B03)',
24 verbose headers   etag: '"8AMGICYFKWIDBZVO8LCDOXFZ0"',
24 verbose headers   'content-type': 'application/json',
24 verbose headers   'content-encoding': 'gzip',
24 verbose headers   'cache-control': 'max-age=300',
24 verbose headers   'content-length': '8533',
24 verbose headers   'accept-ranges': 'bytes',
24 verbose headers   date: 'Tue, 19 Apr 2016 06:22:36 GMT',
24 verbose headers   via: '1.1 varnish',
24 verbose headers   age: '0',
24 verbose headers   connection: 'keep-alive',
24 verbose headers   'x-served-by': 'cache-atl6221-ATL',
24 verbose headers   'x-cache': 'HIT',
24 verbose headers   'x-cache-hits': '1',
24 verbose headers   'x-timer': 'S1461046956.385373,VS0,VE125',
24 verbose headers   vary: 'Accept-Encoding' }
25 silly get cb [ 200,
25 silly get   { server: 'CouchDB/1.5.0 (Erlang OTP/R16B03)',
25 silly get     etag: '"8AMGICYFKWIDBZVO8LCDOXFZ0"',
25 silly get     'content-type': 'application/json',
25 silly get     'content-encoding': 'gzip',
25 silly get     'cache-control': 'max-age=300',
25 silly get     'content-length': '8533',
25 silly get     'accept-ranges': 'bytes',
25 silly get     date: 'Tue, 19 Apr 2016 06:22:36 GMT',
25 silly get     via: '1.1 varnish',
25 silly get     age: '0',
25 silly get     connection: 'keep-alive',
25 silly get     'x-served-by': 'cache-atl6221-ATL',
25 silly get     'x-cache': 'HIT',
25 silly get     'x-cache-hits': '1',
25 silly get     'x-timer': 'S1461046956.385373,VS0,VE125',
25 silly get     vary: 'Accept-Encoding' } ]
26 verbose get saving http-server to /Users/yuanxu/.npm/registry.npmjs.org/http-server/.cache.json
27 verbose correctMkdir /Users/yuanxu/.npm correctMkdir not in flight; initializing
28 verbose makeDirectory /Users/yuanxu/.npm creation not in flight; initializing
29 silly makeDirectory /Users/yuanxu/.npm uid: 501 gid: 20
30 silly addNameTag next cb for http-server with tag latest
31 silly addNamed http-server@0.9.0
32 verbose addNamed "0.9.0" is a plain semver version for http-server
33 silly mapToRegistry name http-server
34 silly mapToRegistry using default registry
35 silly mapToRegistry registry https://registry.npmjs.org/
36 silly mapToRegistry data Result {
36 silly mapToRegistry   raw: 'http-server',
36 silly mapToRegistry   scope: null,
36 silly mapToRegistry   name: 'http-server',
36 silly mapToRegistry   rawSpec: '',
36 silly mapToRegistry   spec: 'latest',
36 silly mapToRegistry   type: 'tag' }
37 silly mapToRegistry uri https://registry.npmjs.org/http-server
38 verbose addRemoteTarball https://registry.npmjs.org/http-server/-/http-server-0.9.0.tgz not in flight; adding
39 verbose addRemoteTarball [ 'https://registry.npmjs.org/http-server/-/http-server-0.9.0.tgz',
39 verbose addRemoteTarball   '8f1b06bdc733618d4dc42831c7ba1aff4e06001a' ]
40 info retry fetch attempt 1 at 2:22:36 AM
41 info attempt registry request try #1 at 2:22:36 AM
42 http fetch GET https://registry.npmjs.org/http-server/-/http-server-0.9.0.tgz
43 http fetch 200 https://registry.npmjs.org/http-server/-/http-server-0.9.0.tgz
44 silly fetchAndShaCheck shasum 8f1b06bdc733618d4dc42831c7ba1aff4e06001a
45 verbose addTmpTarball /var/folders/vz/knylmfvs3kn56gxf_dtw3qqh0000gn/T/npm-9927-1677f0ca/registry.npmjs.org/http-server/-/http-server-0.9.0.tgz not in flight; adding
46 verbose addTmpTarball already have metadata; skipping unpack for http-server@0.9.0
47 verbose correctMkdir /Users/yuanxu/.npm correctMkdir not in flight; initializing
48 silly cache afterAdd http-server@0.9.0
49 verbose afterAdd /Users/yuanxu/.npm/http-server/0.9.0/package/package.json not in flight; writing
50 verbose correctMkdir /Users/yuanxu/.npm correctMkdir not in flight; initializing
51 verbose afterAdd /Users/yuanxu/.npm/http-server/0.9.0/package/package.json written
52 silly install resolved [ { name: 'http-server',
52 silly install resolved     version: '0.9.0',
52 silly install resolved     description: 'A simple zero-configuration command-line http server',
52 silly install resolved     main: './lib/http-server',
52 silly install resolved     repository:
52 silly install resolved      { type: 'git',
52 silly install resolved        url: 'git://github.com/indexzero/http-server.git' },
52 silly install resolved     keywords: [ 'cli', 'command' ],
52 silly install resolved     scripts:
52 silly install resolved      { start: 'node ./bin/http-server',
52 silly install resolved        pretest: 'common bin/http-server lib/ test',
52 silly install resolved        test: 'vows --spec --isolate' },
52 silly install resolved     contributors:
52 silly install resolved      [ [Object],
52 silly install resolved        [Object],
52 silly install resolved        [Object],
52 silly install resolved        [Object],
52 silly install resolved        [Object],
52 silly install resolved        [Object],
52 silly install resolved        [Object],
52 silly install resolved        [Object],
52 silly install resolved        [Object],
52 silly install resolved        [Object] ],
52 silly install resolved     dependencies:
52 silly install resolved      { colors: '1.0.3',
52 silly install resolved        corser: '~2.0.0',
52 silly install resolved        ecstatic: '^1.4.0',
52 silly install resolved        'http-proxy': '^1.8.1',
52 silly install resolved        opener: '~1.4.0',
52 silly install resolved        optimist: '0.6.x',
52 silly install resolved        portfinder: '0.4.x',
52 silly install resolved        union: '~0.4.3' },
52 silly install resolved     devDependencies: { 'common-style': '^3.0.0', request: '2.49.x', vows: '0.7.x' },
52 silly install resolved     bugs: { url: 'https://github.com/nodeapps/http-server/issues' },
52 silly install resolved     license: 'MIT',
52 silly install resolved     preferGlobal: 'true',
52 silly install resolved     bin: { 'http-server': './bin/http-server', hs: './bin/http-server' },
52 silly install resolved     gitHead: '1a8552c5e028bd5500027ee940111133927a4e94',
52 silly install resolved     homepage: 'https://github.com/indexzero/http-server#readme',
52 silly install resolved     _id: 'http-server@0.9.0',
52 silly install resolved     _shasum: '8f1b06bdc733618d4dc42831c7ba1aff4e06001a',
52 silly install resolved     _from: 'http-server@latest',
52 silly install resolved     _npmVersion: '3.7.1',
52 silly install resolved     _nodeVersion: '4.2.2',
52 silly install resolved     _npmUser: { name: 'indexzero', email: 'charlie.robbins@gmail.com' },
52 silly install resolved     maintainers: [ [Object] ],
52 silly install resolved     dist:
52 silly install resolved      { shasum: '8f1b06bdc733618d4dc42831c7ba1aff4e06001a',
52 silly install resolved        tarball: 'https://registry.npmjs.org/http-server/-/http-server-0.9.0.tgz' },
52 silly install resolved     _npmOperationalInternal:
52 silly install resolved      { host: 'packages-6-west.internal.npmjs.com',
52 silly install resolved        tmp: 'tmp/http-server-0.9.0.tgz_1455864708425_0.19514421350322664' },
52 silly install resolved     directories: {},
52 silly install resolved     _resolved: 'https://registry.npmjs.org/http-server/-/http-server-0.9.0.tgz' } ]
53 info install http-server@0.9.0 into /usr/local/lib
54 info installOne http-server@0.9.0
55 verbose installOne of http-server to /usr/local/lib not in flight; installing
56 verbose correctMkdir /Users/yuanxu/.npm/_locks correctMkdir not in flight; initializing
57 verbose makeDirectory /Users/yuanxu/.npm/_locks creation not in flight; initializing
58 silly makeDirectory /Users/yuanxu/.npm/_locks uid: 501 gid: 20
59 verbose lock using /Users/yuanxu/.npm/_locks/http-server-ae30c9ae1f4c5eaa.lock for /usr/local/lib/node_modules/http-server
60 silly install write writing http-server 0.9.0 to /usr/local/lib/node_modules/http-server
61 verbose unbuild lib/node_modules/http-server
62 silly gentlyRm /usr/local/lib/node_modules/http-server is being purged from base /usr/local
63 verbose gentlyRm don't care about contents; nuking /usr/local/lib/node_modules/http-server
64 verbose tar unpack /Users/yuanxu/.npm/http-server/0.9.0/package.tgz
65 verbose tar unpacking to /usr/local/lib/node_modules/http-server
66 silly gentlyRm /usr/local/lib/node_modules/http-server is being purged
67 verbose gentlyRm don't care about contents; nuking /usr/local/lib/node_modules/http-server
68 silly gunzTarPerm modes [ '755', '644' ]
69 error tar.unpack untar error /Users/yuanxu/.npm/http-server/0.9.0/package.tgz
70 verbose unlock done using /Users/yuanxu/.npm/_locks/http-server-ae30c9ae1f4c5eaa.lock for /usr/local/lib/node_modules/http-server
71 verbose fstream_path /usr/local/lib/node_modules/http-server
72 verbose fstream_type Directory
73 verbose fstream_class DirWriter
74 verbose stack Error: EACCES: permission denied, mkdir '/usr/local/lib/node_modules/http-server'
74 verbose stack     at Error (native)
75 verbose fstream_stack /usr/local/lib/node_modules/npm/node_modules/fstream/lib/dir-writer.js:35:25
75 verbose fstream_stack /usr/local/lib/node_modules/npm/node_modules/mkdirp/index.js:47:53
75 verbose fstream_stack FSReqWrap.oncomplete (fs.js:82:15)
76 verbose cwd /Users/yuanxu/Workspace/yuanxu-li.github.io
77 error Darwin 15.4.0
78 error argv "/usr/local/bin/node" "/usr/local/bin/npm" "install" "-g" "http-server"
79 error node v4.4.3
80 error npm  v2.15.1
81 error path /usr/local/lib/node_modules/http-server
82 error code EACCES
83 error errno -13
84 error syscall mkdir
85 error Error: EACCES: permission denied, mkdir '/usr/local/lib/node_modules/http-server'
85 error     at Error (native)
85 error  { [Error: EACCES: permission denied, mkdir '/usr/local/lib/node_modules/http-server']
85 error   errno: -13,
85 error   code: 'EACCES',
85 error   syscall: 'mkdir',
85 error   path: '/usr/local/lib/node_modules/http-server',
85 error   fstream_type: 'Directory',
85 error   fstream_path: '/usr/local/lib/node_modules/http-server',
85 error   fstream_class: 'DirWriter',
85 error   fstream_stack:
85 error    [ '/usr/local/lib/node_modules/npm/node_modules/fstream/lib/dir-writer.js:35:25',
85 error      '/usr/local/lib/node_modules/npm/node_modules/mkdirp/index.js:47:53',
85 error      'FSReqWrap.oncomplete (fs.js:82:15)' ] }
86 error Please try running this command again as root/Administrator.
87 verbose exit [ -13, true ]
88 verbose unbuild lib/node_modules/http-server
89 silly gentlyRm /usr/local/lib/node_modules/http-server is being purged from base /usr/local
90 verbose gentlyRm don't care about contents; nuking /usr/local/lib/node_modules/http-server
